<?xml version="1.0" encoding="UTF-8"?>
<testsuite xmlns:xsi="http://www.w3.org/2001/XMLSchema-instance" xsi:noNamespaceSchemaLocation="https://maven.apache.org/surefire/maven-surefire-plugin/xsd/surefire-test-report.xsd" name="com.testRunner.OrderTest" time="0.619" tests="7" errors="0" skipped="0" failures="0">
  <properties>
[...]
</properties>
  <testcase name="Check the previous order details" classname="Amazoon Order Page" time="0.096"/>
  <testcase name="Check the open order details" classname="Amazoon Order Page" time="0.009"/>
  <testcase name="Check the cancelled order details" classname="Amazoon Order Page" time="0.03"/>
  <testcase name="Search a Product" classname="Amazon Search" time="0.008"/>
  <testcase name="Booking Cab" classname="Uber Booking Feature" time="0.007"/>
  <testcase name="Booking Cab SUV" classname="Uber Booking Feature" time="0.008"/>
  <testcase name="Booking Cab MINI" classname="Uber Booking Feature" time="0.006"/>
</testsuite>