<?xml version="1.0" encoding="UTF-8"?>
<testsuite xmlns:xsi="http://www.w3.org/2001/XMLSchema-instance" xsi:noNamespaceSchemaLocation="https://maven.apache.org/surefire/maven-surefire-plugin/xsd/surefire-test-report.xsd" name="com.testRunner.SearchTest" time="0.531" tests="2" errors="0" skipped="0" failures="0">
  <properties>
[...]
</properties>
  <testcase name="Search a Product" classname="Amazon Search" time="0.433"/>
  <testcase name="Search a Product iPhone" classname="Amazon Search" time="0.039"/>
</testsuite>